2025-01-05 00:57:39 DEBUG TestNG:82 - suiteXmlPath: "C:\Users\famid\Documents\Selenium Automation\OpenCartProject\docker-compose.yaml"
2025-01-05 00:58:42 DEBUG TestNG:82 - suiteXmlPath: "C:\Users\famid\Documents\Selenium Automation\OpenCartProject\docker-compose.yaml"
2025-01-05 00:59:49 DEBUG TestNG:82 - suiteXmlPath: "C:\Users\famid\Documents\Selenium Automation\OpenCartProject\master.xml"
2025-01-05 00:59:49 INFO  Utils:112 - [TestNG] Running:
  C:\Users\famid\Documents\Selenium Automation\OpenCartProject\master.xml

2025-01-05 01:04:04 DEBUG TestNG:82 - suiteXmlPath: "C:\Users\famid\Documents\Selenium Automation\OpenCartProject\master.xml"
2025-01-05 01:04:05 INFO  Utils:112 - [TestNG] Running:
  C:\Users\famid\Documents\Selenium Automation\OpenCartProject\master.xml

2025-01-05 01:05:16 DEBUG TestNG:82 - suiteXmlPath: "C:\Users\famid\Documents\Selenium Automation\OpenCartProject\master.xml"
2025-01-05 01:05:16 INFO  Utils:112 - [TestNG] Running:
  C:\Users\famid\Documents\Selenium Automation\OpenCartProject\master.xml

2025-01-05 01:05:26 INFO  TC01_Register:27 - Test starting....
2025-01-05 01:05:27 INFO  TC01_Register:34 - Registering.....
2025-01-05 01:05:33 INFO  TC02_Login:19 - ...TC02_Login Test starting...
2025-01-05 12:17:07 DEBUG TestNG:82 - suiteXmlPath: "C:\Users\famid\Documents\Selenium Automation\OpenCartProject\master.xml"
2025-01-05 12:17:55 DEBUG TestNG:82 - suiteXmlPath: "C:\Users\famid\Documents\Selenium Automation\OpenCartProject\master.xml"
2025-01-05 12:18:04 INFO  TC01_Register:27 - Test starting....
2025-01-05 12:18:06 INFO  TC01_Register:34 - Registering.....
2025-01-05 12:18:16 INFO  TC02_Login:19 - ...TC02_Login Test starting...
2025-01-05 16:00:27 DEBUG TestNG:82 - suiteXmlPath: "C:\Users\famid\Documents\Selenium Automation\OpenCartProject\master.xml"
2025-01-05 16:00:42 INFO  TC01_Register:27 - Test starting....
2025-01-05 16:00:44 INFO  TC01_Register:34 - Registering.....
2025-01-05 16:00:52 INFO  TC02_Login:19 - ...TC02_Login Test starting...
2025-01-05 16:11:16 DEBUG TestNG:82 - suiteXmlPath: "C:\Users\famid\Documents\Selenium Automation\OpenCartProject\master.xml"
2025-01-05 16:11:23 INFO  TC01_Register:27 - Test starting....
2025-01-05 16:11:24 INFO  TC01_Register:34 - Registering.....
2025-01-05 16:11:32 INFO  TC02_Login:19 - ...TC02_Login Test starting...
